2025-06-01 01:15:18,772 - INFO - [NLTK] 正在下载资源: punkt (基础分词器)
2025-06-01 01:21:45,714 - INFO - [NLTK] 资源已存在: punkt (基础分词器)
2025-06-01 01:21:45,714 - INFO - [NLTK] 资源已存在: stopwords (停用词表)
2025-06-01 01:21:45,716 - INFO - [NLTK] 正在下载资源: punkt_tab (分词器附加数据)
2025-06-01 01:27:55,410 - INFO - [NLTK] 成功下载: punkt_tab
2025-06-01 01:27:55,413 - INFO - [NLTK] 正在下载资源: averaged_perceptron_tagger (词性标注器)
2025-06-01 01:28:56,441 - INFO - [NLTK] 成功下载: averaged_perceptron_tagger
2025-06-01 01:28:56,444 - INFO - ============================================================
2025-06-01 01:28:56,444 - INFO -                    AI生成文本检测系统启动                   
2025-06-01 01:28:56,445 - INFO - ============================================================
2025-06-01 01:28:56,448 - INFO - 停用词表加载成功
2025-06-01 01:28:56,448 - INFO - 
加载训练数据: C:\Users\tongj\Desktop\train\train.jsonl
2025-06-01 01:28:56,522 - INFO - 
文本预处理中...
2025-06-01 01:29:00,688 - INFO - 预处理完成，有效样本数: 28000
2025-06-01 01:29:00,688 - INFO - 特征提取中...
2025-06-01 01:29:06,948 - INFO - 特征矩阵形状: (28000, 15000)
2025-06-01 01:29:06,948 - INFO - 
开始模型训练...
2025-06-01 01:29:06,962 - INFO - 训练模型: LogisticRegression
2025-06-01 01:29:10,333 - INFO - LogisticRegression 交叉验证F1分数: 0.8876
2025-06-01 01:29:10,333 - INFO - 当前最佳模型: LogisticRegression (F1: 0.8876)
2025-06-01 01:29:10,333 - INFO - 训练模型: RandomForest
2025-06-01 01:29:14,054 - INFO - RandomForest 交叉验证F1分数: 0.8075
2025-06-01 01:29:14,054 - INFO - 训练模型: SVM
2025-06-01 01:44:21,791 - INFO - SVM 交叉验证F1分数: 0.8956
2025-06-01 01:44:21,791 - INFO - 当前最佳模型: SVM (F1: 0.8956)
2025-06-01 01:44:21,791 - INFO - 训练模型: GradientBoosting
2025-06-01 01:46:36,447 - INFO - GradientBoosting 交叉验证F1分数: 0.8510
2025-06-01 01:46:36,448 - INFO - 
最终选择模型: SVC, F1分数: 0.8956
2025-06-01 01:46:36,452 - INFO - 
模型评估中...
2025-06-01 01:46:47,813 - INFO - 
分类报告:
              precision    recall  f1-score   support

           0       0.86      0.92      0.89      2564
           1       0.93      0.87      0.90      3036

    accuracy                           0.89      5600
   macro avg       0.89      0.89      0.89      5600
weighted avg       0.89      0.89      0.89      5600

2025-06-01 01:46:47,814 - INFO - 验证集F1分数: 0.8980
2025-06-01 01:46:47,814 - INFO - 
加载测试数据: C:\Users\tongj\Desktop\test_521\test.jsonl
2025-06-01 01:46:47,825 - INFO - 生成预测结果...
2025-06-01 01:46:54,355 - INFO - 预测完成，样本数: 2800
2025-06-01 01:46:54,356 - INFO - 预测结果已保存到: C:\Users\tongj\Desktop\submit.txt
2025-06-01 01:46:54,357 - INFO - 
============================================================
2025-06-01 01:46:54,357 - INFO -                       处理完成！                       
2025-06-01 01:46:54,357 - INFO -      结果文件: C:\Users\tongj\Desktop\submit.txt      
2025-06-01 01:46:54,357 - INFO - ============================================================
2025-06-01 01:55:20,922 - INFO - [NLTK] 资源已存在: punkt (基础分词器)
2025-06-01 01:55:20,922 - INFO - [NLTK] 资源已存在: stopwords (停用词表)
2025-06-01 01:55:20,922 - INFO - [NLTK] 资源已存在: punkt_tab (分词器附加数据)
2025-06-01 01:55:20,923 - INFO - [NLTK] 资源已存在: averaged_perceptron_tagger (词性标注器)
2025-06-01 01:55:20,923 - INFO - ============================================================
2025-06-01 01:55:20,923 - INFO -                    AI生成文本检测系统启动                   
2025-06-01 01:55:20,923 - INFO - ============================================================
2025-06-01 01:55:20,924 - INFO - 停用词表加载成功
2025-06-01 01:55:20,925 - INFO - 
加载训练数据: C:\Users\tongj\Desktop\train\train.jsonl
2025-06-01 01:55:20,997 - INFO - 
文本预处理中...
2025-06-01 01:55:25,221 - INFO - 预处理完成，有效样本数: 28000
2025-06-01 01:55:25,221 - INFO - 特征提取中...
